<?xml version="1.0" encoding="UTF-8"?>
<testng-results skipped="0" failed="0" ignored="0" total="1" passed="1">
  <reporter-output>
  </reporter-output>
  <suite name="Default suite" duration-ms="5639" started-at="2018-06-26T20:40:20Z" finished-at="2018-06-26T20:40:26Z">
    <groups>
    </groups>
    <test name="Default test" duration-ms="5639" started-at="2018-06-26T20:40:20Z" finished-at="2018-06-26T20:40:26Z">
      <class name="test1.NewTest">
        <test-method status="PASS" signature="test()[pri:0, instance:test1.NewTest@19976a65]" name="test" is-config="true" duration-ms="13" started-at="2018-06-26T20:40:20Z" finished-at="2018-06-26T20:40:20Z">
          <reporter-output>
          </reporter-output>
        </test-method> <!-- test -->
        <test-method status="PASS" signature="verifySearchButton()[pri:0, instance:test1.NewTest@19976a65]" name="verifySearchButton" duration-ms="5514" started-at="2018-06-26T20:40:20Z" finished-at="2018-06-26T20:40:25Z">
          <reporter-output>
          </reporter-output>
        </test-method> <!-- verifySearchButton -->
        <test-method status="PASS" signature="afterClass()[pri:0, instance:test1.NewTest@19976a65]" name="afterClass" is-config="true" duration-ms="93" started-at="2018-06-26T20:40:25Z" finished-at="2018-06-26T20:40:26Z">
          <reporter-output>
          </reporter-output>
        </test-method> <!-- afterClass -->
      </class> <!-- test1.NewTest -->
    </test> <!-- Default test -->
  </suite> <!-- Default suite -->
</testng-results>
